# JRE version: Java(TM) SE Runtime Environment (8.0_111-b14) (build 1.8.0_111-b14)
# Java VM: Java HotSpot(TM) 64-Bit Server VM (25.111-b14 mixed mode windows-amd64 compressed oops)
Heap:
 PSYoungGen      total 501760K, used 435709K [0x00000000d5b00000, 0x0000000100000000, 0x0000000100000000)
  eden space 329728K, 93% used [0x00000000d5b00000,0x00000000e89282b8,0x00000000e9d00000)
  from space 172032K, 73% used [0x00000000e9d00000,0x00000000f1857440,0x00000000f4500000)
  to   space 179200K, 0% used [0x00000000f5100000,0x00000000f5100000,0x0000000100000000)
 ParOldGen       total 667136K, used 434934K [0x0000000081000000, 0x00000000a9b80000, 0x00000000d5b00000)
  object space 667136K, 65% used [0x0000000081000000,0x000000009b8bd920,0x00000000a9b80000)
 Metaspace       used 72150K, capacity 74224K, committed 74584K, reserved 1114112K
  class space    used 8734K, capacity 9215K, committed 9344K, reserved 1048576K
GC Heap History (10 events):
Event: 98.305 GC heap before
{Heap before GC invocations=43 (full 6):
 PSYoungGen      total 500736K, used 304640K [0x00000000d5b00000, 0x0000000100000000, 0x0000000100000000)
  eden space 304640K, 100% used [0x00000000d5b00000,0x00000000e8480000,0x00000000e8480000)
  from space 196096K, 0% used [0x00000000f4080000,0x00000000f4080000,0x0000000100000000)
  to   space 192512K, 0% used [0x00000000e8480000,0x00000000e8480000,0x00000000f4080000)
 ParOldGen       total 667136K, used 406554K [0x0000000081000000, 0x00000000a9b80000, 0x00000000d5b00000)
  object space 667136K, 60% used [0x0000000081000000,0x0000000099d06a80,0x00000000a9b80000)
 Metaspace       used 72125K, capacity 74224K, committed 74584K, reserved 1114112K
  class space    used 8733K, capacity 9215K, committed 9344K, reserved 1048576K
Event: 98.399 GC heap after
Heap after GC invocations=43 (full 6):
 PSYoungGen      total 398336K, used 93520K [0x00000000d5b00000, 0x00000000fee80000, 0x0000000100000000)
  eden space 304640K, 0% used [0x00000000d5b00000,0x00000000d5b00000,0x00000000e8480000)
  from space 93696K, 99% used [0x00000000e8480000,0x00000000edfd43a8,0x00000000ee000000)
  to   space 185344K, 0% used [0x00000000f3980000,0x00000000f3980000,0x00000000fee80000)
 ParOldGen       total 667136K, used 406554K [0x0000000081000000, 0x00000000a9b80000, 0x00000000d5b00000)
  object space 667136K, 60% used [0x0000000081000000,0x0000000099d06a80,0x00000000a9b80000)
 Metaspace       used 72125K, capacity 74224K, committed 74584K, reserved 1114112K
  class space    used 8733K, capacity 9215K, committed 9344K, reserved 1048576K
}
Event: 99.310 GC heap before
{Heap before GC invocations=44 (full 6):
 PSYoungGen      total 398336K, used 398160K [0x00000000d5b00000, 0x00000000fee80000, 0x0000000100000000)
  eden space 304640K, 100% used [0x00000000d5b00000,0x00000000e8480000,0x00000000e8480000)
  from space 93696K, 99% used [0x00000000e8480000,0x00000000edfd43a8,0x00000000ee000000)
  to   space 185344K, 0% used [0x00000000f3980000,0x00000000f3980000,0x00000000fee80000)
 ParOldGen       total 667136K, used 406554K [0x0000000081000000, 0x00000000a9b80000, 0x00000000d5b00000)
  object space 667136K, 60% used [0x0000000081000000,0x0000000099d06a80,0x00000000a9b80000)
 Metaspace       used 72129K, capacity 74224K, committed 74584K, reserved 1114112K
  class space    used 8733K, capacity 9215K, committed 9344K, reserved 1048576K
Event: 99.410 GC heap after
Heap after GC invocations=44 (full 6):
 PSYoungGen      total 497152K, used 65606K [0x00000000d5b00000, 0x0000000100000000, 0x0000000100000000)
  eden space 311808K, 0% used [0x00000000d5b00000,0x00000000d5b00000,0x00000000e8b80000)
  from space 185344K, 35% used [0x00000000f3980000,0x00000000f7991a70,0x00000000fee80000)
  to   space 178176K, 0% used [0x00000000e8b80000,0x00000000e8b80000,0x00000000f3980000)
 ParOldGen       total 667136K, used 406562K [0x0000000081000000, 0x00000000a9b80000, 0x00000000d5b00000)
  object space 667136K, 60% used [0x0000000081000000,0x0000000099d08a80,0x00000000a9b80000)
 Metaspace       used 72129K, capacity 74224K, committed 74584K, reserved 1114112K
  class space    used 8733K, capacity 9215K, committed 9344K, reserved 1048576K
}
Event: 100.437 GC heap before
{Heap before GC invocations=45 (full 6):
 PSYoungGen      total 497152K, used 377414K [0x00000000d5b00000, 0x0000000100000000, 0x0000000100000000)
  eden space 311808K, 100% used [0x00000000d5b00000,0x00000000e8b80000,0x00000000e8b80000)
  from space 185344K, 35% used [0x00000000f3980000,0x00000000f7991a70,0x00000000fee80000)
  to   space 178176K, 0% used [0x00000000e8b80000,0x00000000e8b80000,0x00000000f3980000)
 ParOldGen       total 667136K, used 406562K [0x0000000081000000, 0x00000000a9b80000, 0x00000000d5b00000)
  object space 667136K, 60% used [0x0000000081000000,0x0000000099d08a80,0x00000000a9b80000)
 Metaspace       used 72141K, capacity 74224K, committed 74584K, reserved 1114112K
  class space    used 8734K, capacity 9215K, committed 9344K, reserved 1048576K
Event: 100.571 GC heap after
Heap after GC invocations=45 (full 6):
 PSYoungGen      total 489984K, used 63183K [0x00000000d5b00000, 0x00000000fed00000, 0x0000000100000000)
  eden space 311808K, 0% used [0x00000000d5b00000,0x00000000d5b00000,0x00000000e8b80000)
  from space 178176K, 35% used [0x00000000e8b80000,0x00000000ec933c30,0x00000000f3980000)
  to   space 172032K, 0% used [0x00000000f4500000,0x00000000f4500000,0x00000000fed00000)
 ParOldGen       total 667136K, used 406570K [0x0000000081000000, 0x00000000a9b80000, 0x00000000d5b00000)
  object space 667136K, 60% used [0x0000000081000000,0x0000000099d0aa80,0x00000000a9b80000)
 Metaspace       used 72141K, capacity 74224K, committed 74584K, reserved 1114112K
  class space    used 8734K, capacity 9215K, committed 9344K, reserved 1048576K
}
Event: 101.396 GC heap before
{Heap before GC invocations=46 (full 6):
 PSYoungGen      total 489984K, used 374991K [0x00000000d5b00000, 0x00000000fed00000, 0x0000000100000000)
  eden space 311808K, 100% used [0x00000000d5b00000,0x00000000e8b80000,0x00000000e8b80000)
  from space 178176K, 35% used [0x00000000e8b80000,0x00000000ec933c30,0x00000000f3980000)
  to   space 172032K, 0% used [0x00000000f4500000,0x00000000f4500000,0x00000000fed00000)
 ParOldGen       total 667136K, used 406963K [0x0000000081000000, 0x00000000a9b80000, 0x00000000d5b00000)
  object space 667136K, 61% used [0x0000000081000000,0x0000000099d6cc90,0x00000000a9b80000)
 Metaspace       used 72147K, capacity 74224K, committed 74584K, reserved 1114112K
  class space    used 8734K, capacity 9215K, committed 9344K, reserved 1048576K
Event: 101.558 GC heap after
Heap after GC invocations=46 (full 6):
 PSYoungGen      total 501760K, used 104694K [0x00000000d5b00000, 0x00000000ffa00000, 0x0000000100000000)
  eden space 329728K, 0% used [0x00000000d5b00000,0x00000000d5b00000,0x00000000e9d00000)
  from space 172032K, 60% used [0x00000000f4500000,0x00000000fab3d8d8,0x00000000fed00000)
  to   space 172032K, 0% used [0x00000000e9d00000,0x00000000e9d00000,0x00000000f4500000)
 ParOldGen       total 667136K, used 406963K [0x0000000081000000, 0x00000000a9b80000, 0x00000000d5b00000)
  object space 667136K, 61% used [0x0000000081000000,0x0000000099d6cc90,0x00000000a9b80000)
 Metaspace       used 72147K, capacity 74224K, committed 74584K, reserved 1114112K
  class space    used 8734K, capacity 9215K, committed 9344K, reserved 1048576K
}
Event: 102.342 GC heap before
{Heap before GC invocations=47 (full 6):
 PSYoungGen      total 501760K, used 434422K [0x00000000d5b00000, 0x00000000ffa00000, 0x0000000100000000)
  eden space 329728K, 100% used [0x00000000d5b00000,0x00000000e9d00000,0x00000000e9d00000)
  from space 172032K, 60% used [0x00000000f4500000,0x00000000fab3d8d8,0x00000000fed00000)
  to   space 172032K, 0% used [0x00000000e9d00000,0x00000000e9d00000,0x00000000f4500000)
 ParOldGen       total 667136K, used 406964K [0x0000000081000000, 0x00000000a9b80000, 0x00000000d5b00000)
  object space 667136K, 61% used [0x0000000081000000,0x0000000099d6d178,0x00000000a9b80000)
 Metaspace       used 72149K, capacity 74224K, committed 74584K, reserved 1114112K
  class space    used 8734K, capacity 9215K, committed 9344K, reserved 1048576K
Event: 102.622 GC heap after
Heap after GC invocations=47 (full 6):
 PSYoungGen      total 501760K, used 126301K [0x00000000d5b00000, 0x0000000100000000, 0x0000000100000000)
  eden space 329728K, 0% used [0x00000000d5b00000,0x00000000d5b00000,0x00000000e9d00000)
  from space 172032K, 73% used [0x00000000e9d00000,0x00000000f1857440,0x00000000f4500000)
  to   space 179200K, 0% used [0x00000000f5100000,0x00000000f5100000,0x0000000100000000)
 ParOldGen       total 667136K, used 434934K [0x0000000081000000, 0x00000000a9b80000, 0x00000000d5b00000)
  object space 667136K, 65% used [0x0000000081000000,0x000000009b8bd920,0x00000000a9b80000)
 Metaspace       used 72149K, capacity 74224K, committed 74584K, reserved 1114112K
  class space    used 8734K, capacity 9215K, committed 9344K, reserved 1048576K
}

