# JRE version: Java(TM) SE Runtime Environment (8.0_111-b14) (build 1.8.0_111-b14)
# Java VM: Java HotSpot(TM) 64-Bit Server VM (25.111-b14 mixed mode windows-amd64 compressed oops)
Heap:
 PSYoungGen      total 451072K, used 229001K [0x00000000d5b00000, 0x0000000100000000, 0x0000000100000000)
  eden space 231424K, 98% used [0x00000000d5b00000,0x00000000e3aa2758,0x00000000e3d00000)
  from space 219648K, 0% used [0x00000000e3d00000,0x00000000e3d00000,0x00000000f1380000)
  to   space 217600K, 0% used [0x00000000f2b80000,0x00000000f2b80000,0x0000000100000000)
 ParOldGen       total 629248K, used 324149K [0x0000000081000000, 0x00000000a7680000, 0x00000000d5b00000)
  object space 629248K, 51% used [0x0000000081000000,0x0000000094c8d5f0,0x00000000a7680000)
 Metaspace       used 72052K, capacity 74096K, committed 74328K, reserved 1114112K
  class space    used 8733K, capacity 9215K, committed 9344K, reserved 1048576K
GC Heap History (10 events):
Event: 95.240 GC heap before
{Heap before GC invocations=34 (full 5):
 PSYoungGen      total 423424K, used 231424K [0x00000000d5b00000, 0x0000000100000000, 0x0000000100000000)
  eden space 231424K, 100% used [0x00000000d5b00000,0x00000000e3d00000,0x00000000e3d00000)
  from space 192000K, 0% used [0x00000000f4480000,0x00000000f4480000,0x0000000100000000)
  to   space 230912K, 0% used [0x00000000e3d00000,0x00000000e3d00000,0x00000000f1e80000)
 ParOldGen       total 434176K, used 219236K [0x0000000081000000, 0x000000009b800000, 0x00000000d5b00000)
  object space 434176K, 50% used [0x0000000081000000,0x000000008e619118,0x000000009b800000)
 Metaspace       used 72048K, capacity 74096K, committed 74328K, reserved 1114112K
  class space    used 8732K, capacity 9215K, committed 9344K, reserved 1048576K
Event: 95.300 GC heap after
Heap after GC invocations=34 (full 5):
 PSYoungGen      total 462336K, used 87742K [0x00000000d5b00000, 0x0000000100000000, 0x0000000100000000)
  eden space 231424K, 0% used [0x00000000d5b00000,0x00000000d5b00000,0x00000000e3d00000)
  from space 230912K, 37% used [0x00000000e3d00000,0x00000000e92afae0,0x00000000f1e80000)
  to   space 230912K, 0% used [0x00000000f1e80000,0x00000000f1e80000,0x0000000100000000)
 ParOldGen       total 434176K, used 219244K [0x0000000081000000, 0x000000009b800000, 0x00000000d5b00000)
  object space 434176K, 50% used [0x0000000081000000,0x000000008e61b118,0x000000009b800000)
 Metaspace       used 72048K, capacity 74096K, committed 74328K, reserved 1114112K
  class space    used 8732K, capacity 9215K, committed 9344K, reserved 1048576K
}
Event: 95.688 GC heap before
{Heap before GC invocations=35 (full 5):
 PSYoungGen      total 462336K, used 319166K [0x00000000d5b00000, 0x0000000100000000, 0x0000000100000000)
  eden space 231424K, 100% used [0x00000000d5b00000,0x00000000e3d00000,0x00000000e3d00000)
  from space 230912K, 37% used [0x00000000e3d00000,0x00000000e92afae0,0x00000000f1e80000)
  to   space 230912K, 0% used [0x00000000f1e80000,0x00000000f1e80000,0x0000000100000000)
 ParOldGen       total 434176K, used 219244K [0x0000000081000000, 0x000000009b800000, 0x00000000d5b00000)
  object space 434176K, 50% used [0x0000000081000000,0x000000008e61b118,0x000000009b800000)
 Metaspace       used 72048K, capacity 74096K, committed 74328K, reserved 1114112K
  class space    used 8732K, capacity 9215K, committed 9344K, reserved 1048576K
Event: 95.786 GC heap after
Heap after GC invocations=35 (full 5):
 PSYoungGen      total 439808K, used 88856K [0x00000000d5b00000, 0x00000000fea00000, 0x0000000100000000)
  eden space 231424K, 0% used [0x00000000d5b00000,0x00000000d5b00000,0x00000000e3d00000)
  from space 208384K, 42% used [0x00000000f1e80000,0x00000000f7546198,0x00000000fea00000)
  to   space 219648K, 0% used [0x00000000e3d00000,0x00000000e3d00000,0x00000000f1380000)
 ParOldGen       total 434176K, used 305337K [0x0000000081000000, 0x000000009b800000, 0x00000000d5b00000)
  object space 434176K, 70% used [0x0000000081000000,0x0000000093a2e6d0,0x000000009b800000)
 Metaspace       used 72048K, capacity 74096K, committed 74328K, reserved 1114112K
  class space    used 8732K, capacity 9215K, committed 9344K, reserved 1048576K
}
Event: 96.387 GC heap before
{Heap before GC invocations=36 (full 5):
 PSYoungGen      total 439808K, used 320280K [0x00000000d5b00000, 0x00000000fea00000, 0x0000000100000000)
  eden space 231424K, 100% used [0x00000000d5b00000,0x00000000e3d00000,0x00000000e3d00000)
  from space 208384K, 42% used [0x00000000f1e80000,0x00000000f7546198,0x00000000fea00000)
  to   space 219648K, 0% used [0x00000000e3d00000,0x00000000e3d00000,0x00000000f1380000)
 ParOldGen       total 434176K, used 305337K [0x0000000081000000, 0x000000009b800000, 0x00000000d5b00000)
  object space 434176K, 70% used [0x0000000081000000,0x0000000093a2e6d0,0x000000009b800000)
 Metaspace       used 72050K, capacity 74096K, committed 74328K, reserved 1114112K
  class space    used 8732K, capacity 9215K, committed 9344K, reserved 1048576K
Event: 96.513 GC heap after
Heap after GC invocations=36 (full 5):
 PSYoungGen      total 451072K, used 29693K [0x00000000d5b00000, 0x0000000100000000, 0x0000000100000000)
  eden space 231424K, 0% used [0x00000000d5b00000,0x00000000d5b00000,0x00000000e3d00000)
  from space 219648K, 13% used [0x00000000e3d00000,0x00000000e59ff790,0x00000000f1380000)
  to   space 217600K, 0% used [0x00000000f2b80000,0x00000000f2b80000,0x0000000100000000)
 ParOldGen       total 434176K, used 393914K [0x0000000081000000, 0x000000009b800000, 0x00000000d5b00000)
  object space 434176K, 90% used [0x0000000081000000,0x00000000990aea50,0x000000009b800000)
 Metaspace       used 72050K, capacity 74096K, committed 74328K, reserved 1114112K
  class space    used 8732K, capacity 9215K, committed 9344K, reserved 1048576K
}
Event: 96.513 GC heap before
{Heap before GC invocations=37 (full 6):
 PSYoungGen      total 451072K, used 29693K [0x00000000d5b00000, 0x0000000100000000, 0x0000000100000000)
  eden space 231424K, 0% used [0x00000000d5b00000,0x00000000d5b00000,0x00000000e3d00000)
  from space 219648K, 13% used [0x00000000e3d00000,0x00000000e59ff790,0x00000000f1380000)
  to   space 217600K, 0% used [0x00000000f2b80000,0x00000000f2b80000,0x0000000100000000)
 ParOldGen       total 434176K, used 393914K [0x0000000081000000, 0x000000009b800000, 0x00000000d5b00000)
  object space 434176K, 90% used [0x0000000081000000,0x00000000990aea50,0x000000009b800000)
 Metaspace       used 72050K, capacity 74096K, committed 74328K, reserved 1114112K
  class space    used 8732K, capacity 9215K, committed 9344K, reserved 1048576K
Event: 97.483 GC heap after
Heap after GC invocations=37 (full 6):
 PSYoungGen      total 451072K, used 0K [0x00000000d5b00000, 0x0000000100000000, 0x0000000100000000)
  eden space 231424K, 0% used [0x00000000d5b00000,0x00000000d5b00000,0x00000000e3d00000)
  from space 219648K, 0% used [0x00000000e3d00000,0x00000000e3d00000,0x00000000f1380000)
  to   space 217600K, 0% used [0x00000000f2b80000,0x00000000f2b80000,0x0000000100000000)
 ParOldGen       total 434176K, used 397750K [0x0000000081000000, 0x000000009b800000, 0x00000000d5b00000)
  object space 434176K, 91% used [0x0000000081000000,0x000000009946dbe8,0x000000009b800000)
 Metaspace       used 72050K, capacity 74096K, committed 74328K, reserved 1114112K
  class space    used 8732K, capacity 9215K, committed 9344K, reserved 1048576K
}
Event: 98.042 GC heap before
{Heap before GC invocations=38 (full 7):
 PSYoungGen      total 451072K, used 231424K [0x00000000d5b00000, 0x0000000100000000, 0x0000000100000000)
  eden space 231424K, 100% used [0x00000000d5b00000,0x00000000e3d00000,0x00000000e3d00000)
  from space 219648K, 0% used [0x00000000e3d00000,0x00000000e3d00000,0x00000000f1380000)
  to   space 217600K, 0% used [0x00000000f2b80000,0x00000000f2b80000,0x0000000100000000)
 ParOldGen       total 434176K, used 397750K [0x0000000081000000, 0x000000009b800000, 0x00000000d5b00000)
  object space 434176K, 91% used [0x0000000081000000,0x000000009946dbe8,0x000000009b800000)
 Metaspace       used 72050K, capacity 74096K, committed 74328K, reserved 1114112K
  class space    used 8733K, capacity 9215K, committed 9344K, reserved 1048576K
Event: 98.946 GC heap after
Heap after GC invocations=38 (full 7):
 PSYoungGen      total 451072K, used 0K [0x00000000d5b00000, 0x0000000100000000, 0x0000000100000000)
  eden space 231424K, 0% used [0x00000000d5b00000,0x00000000d5b00000,0x00000000e3d00000)
  from space 219648K, 0% used [0x00000000e3d00000,0x00000000e3d00000,0x00000000f1380000)
  to   space 217600K, 0% used [0x00000000f2b80000,0x00000000f2b80000,0x0000000100000000)
 ParOldGen       total 629248K, used 324149K [0x0000000081000000, 0x00000000a7680000, 0x00000000d5b00000)
  object space 629248K, 51% used [0x0000000081000000,0x0000000094c8d5f0,0x00000000a7680000)
 Metaspace       used 72050K, capacity 74096K, committed 74328K, reserved 1114112K
  class space    used 8733K, capacity 9215K, committed 9344K, reserved 1048576K
}

